mode: set
github.com/GeovaneCavalcante/temperatura-cep/pkg/address/viacep/viacep.go:31.59,36.2 1 1
github.com/GeovaneCavalcante/temperatura-cep/pkg/address/viacep/viacep.go:38.98,49.16 4 1
github.com/GeovaneCavalcante/temperatura-cep/pkg/address/viacep/viacep.go:49.16,52.3 2 1
github.com/GeovaneCavalcante/temperatura-cep/pkg/address/viacep/viacep.go:54.2,57.16 3 1
github.com/GeovaneCavalcante/temperatura-cep/pkg/address/viacep/viacep.go:57.16,60.3 2 1
github.com/GeovaneCavalcante/temperatura-cep/pkg/address/viacep/viacep.go:62.2,62.22 1 1
github.com/GeovaneCavalcante/temperatura-cep/pkg/address/viacep/viacep.go:62.22,65.3 2 1
github.com/GeovaneCavalcante/temperatura-cep/pkg/address/viacep/viacep.go:66.2,70.25 3 1
github.com/GeovaneCavalcante/temperatura-cep/pkg/address/viacep/viacep.go:73.56,77.2 1 1
github.com/GeovaneCavalcante/temperatura-cep/internal/usecase/temperature/find_temperature.go:17.118,22.2 1 1
github.com/GeovaneCavalcante/temperatura-cep/internal/usecase/temperature/find_temperature.go:24.106,27.16 3 1
github.com/GeovaneCavalcante/temperatura-cep/internal/usecase/temperature/find_temperature.go:27.16,30.3 2 1
github.com/GeovaneCavalcante/temperatura-cep/internal/usecase/temperature/find_temperature.go:31.2,32.16 2 1
github.com/GeovaneCavalcante/temperatura-cep/internal/usecase/temperature/find_temperature.go:32.16,35.3 2 1
github.com/GeovaneCavalcante/temperatura-cep/internal/usecase/temperature/find_temperature.go:36.2,37.18 2 1
github.com/GeovaneCavalcante/temperatura-cep/internal/usecase/temperature/proxy_temperature.go:18.98,23.2 1 0
github.com/GeovaneCavalcante/temperatura-cep/internal/usecase/temperature/proxy_temperature.go:25.113,37.16 4 0
github.com/GeovaneCavalcante/temperatura-cep/internal/usecase/temperature/proxy_temperature.go:37.16,40.3 2 0
github.com/GeovaneCavalcante/temperatura-cep/internal/usecase/temperature/proxy_temperature.go:41.2,44.16 3 0
github.com/GeovaneCavalcante/temperatura-cep/internal/usecase/temperature/proxy_temperature.go:44.16,47.3 2 0
github.com/GeovaneCavalcante/temperatura-cep/internal/usecase/temperature/proxy_temperature.go:49.2,51.23 2 0
github.com/GeovaneCavalcante/temperatura-cep/pkg/temperature/weather/weather.go:27.65,33.2 1 1
github.com/GeovaneCavalcante/temperatura-cep/pkg/temperature/weather/weather.go:35.97,46.16 4 1
github.com/GeovaneCavalcante/temperatura-cep/pkg/temperature/weather/weather.go:46.16,49.3 2 1
github.com/GeovaneCavalcante/temperatura-cep/pkg/temperature/weather/weather.go:51.2,54.16 3 1
github.com/GeovaneCavalcante/temperatura-cep/pkg/temperature/weather/weather.go:54.16,57.3 2 1
github.com/GeovaneCavalcante/temperatura-cep/pkg/temperature/weather/weather.go:59.2,62.29 3 1
github.com/GeovaneCavalcante/temperatura-cep/pkg/temperature/weather/weather.go:65.64,71.2 1 1
github.com/GeovaneCavalcante/temperatura-cep/pkg/temperature/weather/weather.go:73.47,75.2 1 1
github.com/GeovaneCavalcante/temperatura-cep/internal/infra/web/handler/temperature.go:18.101,22.2 1 1
github.com/GeovaneCavalcante/temperatura-cep/internal/infra/web/handler/temperature.go:24.97,29.32 3 1
github.com/GeovaneCavalcante/temperatura-cep/internal/infra/web/handler/temperature.go:29.32,32.3 2 1
github.com/GeovaneCavalcante/temperatura-cep/internal/infra/web/handler/temperature.go:33.2,40.38 5 1
github.com/GeovaneCavalcante/temperatura-cep/internal/infra/web/handler/temperature.go:40.38,45.3 4 1
github.com/GeovaneCavalcante/temperatura-cep/internal/infra/web/handler/temperature.go:47.2,47.16 1 1
github.com/GeovaneCavalcante/temperatura-cep/internal/infra/web/handler/temperature.go:47.16,52.3 4 1
github.com/GeovaneCavalcante/temperatura-cep/internal/infra/web/handler/temperature.go:54.2,56.47 2 1
github.com/GeovaneCavalcante/temperatura-cep/internal/infra/web/handler/temperature.go:59.85,65.2 1 1
github.com/GeovaneCavalcante/temperatura-cep/internal/infra/web/handler/temperature_proxy.go:18.113,22.2 1 0
github.com/GeovaneCavalcante/temperatura-cep/internal/infra/web/handler/temperature_proxy.go:24.102,31.32 5 0
github.com/GeovaneCavalcante/temperatura-cep/internal/infra/web/handler/temperature_proxy.go:31.32,34.3 2 0
github.com/GeovaneCavalcante/temperatura-cep/internal/infra/web/handler/temperature_proxy.go:35.2,39.32 3 0
github.com/GeovaneCavalcante/temperatura-cep/internal/infra/web/handler/temperature_proxy.go:39.32,44.3 4 0
github.com/GeovaneCavalcante/temperatura-cep/internal/infra/web/handler/temperature_proxy.go:45.2,49.16 5 0
github.com/GeovaneCavalcante/temperatura-cep/internal/infra/web/handler/temperature_proxy.go:49.16,54.3 4 0
github.com/GeovaneCavalcante/temperatura-cep/internal/infra/web/handler/temperature_proxy.go:56.2,56.38 1 0
github.com/GeovaneCavalcante/temperatura-cep/internal/infra/web/handler/temperature_proxy.go:60.44,62.2 1 0
